<?xml version="1.0" encoding="UTF-8"?>
<!-- Generated by org.testng.reporters.JUnitReportReporter -->
<testsuite skipped="1" hostname="DESKTOP-JORP530" name="org.testng.Practice" tests="5" failures="0" timestamp="03 Apr 2021 07:51:26 GMT" time="0.065" errors="0">
  <testcase name="test3" time="0.027" classname="org.testng.Practice"/>
  <testcase name="test2" time="0.015" classname="org.testng.Practice"/>
  <testcase name="test4" time="0.014" classname="org.testng.Practice"/>
  <testcase name="test5" time="0.009" classname="org.testng.Practice"/>
  <testcase name="test1" classname="org.testng.Practice">
    <skipped/>
  </testcase> <!-- test1 -->
</testsuite> <!-- org.testng.Practice -->
