<?xml version="1.0" encoding="UTF-8"?>
<!-- Generated by org.testng.reporters.JUnitReportReporter -->
<testsuite skipped="0" hostname="DESKTOP-JORP530" name="org.testng.Suite1" tests="3" failures="0" timestamp="04 Apr 2021 05:20:39 GMT" time="39.836" errors="0">
  <testcase name="tc1" time="12.142" classname="org.testng.Suite1"/>
  <testcase name="tc1" time="10.862" classname="org.testng.Suite1"/>
  <testcase name="tc1" time="16.832" classname="org.testng.Suite1"/>
</testsuite> <!-- org.testng.Suite1 -->
