<?xml version="1.0" encoding="UTF-8"?>
<!-- Generated by org.testng.reporters.JUnitReportReporter -->
<testsuite skipped="0" hostname="DESKTOP-JORP530" name="org.testng.groups" tests="8" failures="0" timestamp="05 Apr 2021 03:28:09 GMT" time="0.643" errors="0">
  <testcase name="tc444" time="0.127" classname="org.testng.groups"/>
  <testcase name="tc555" time="0.204" classname="org.testng.groups"/>
  <testcase name="tc111" time="0.080" classname="org.testng.groups"/>
  <testcase name="tc888" time="0.007" classname="org.testng.groups"/>
  <testcase name="tc333" time="0.076" classname="org.testng.groups"/>
  <testcase name="tc777" time="0.010" classname="org.testng.groups"/>
  <testcase name="tc222" time="0.075" classname="org.testng.groups"/>
  <testcase name="tc666" time="0.064" classname="org.testng.groups"/>
</testsuite> <!-- org.testng.groups -->
