<?xml version="1.0" encoding="UTF-8"?>
<!-- Generated by org.testng.reporters.JUnitReportReporter -->
<testsuite skipped="0" hostname="DESKTOP-JORP530" name="org.testng.Suite3" tests="6" failures="0" timestamp="05 Apr 2021 03:18:27 GMT" time="0.110" errors="0">
  <testcase name="tc888" time="0.019" classname="org.testng.Suite3"/>
  <testcase name="tc333" time="0.016" classname="org.testng.Suite3"/>
  <testcase name="tc222" time="0.047" classname="org.testng.Suite3"/>
  <testcase name="tc777" time="0.006" classname="org.testng.Suite3"/>
  <testcase name="tc444" time="0.014" classname="org.testng.Suite3"/>
  <testcase name="tc555" time="0.008" classname="org.testng.Suite3"/>
</testsuite> <!-- org.testng.Suite3 -->
