<?xml version="1.0" encoding="UTF-8"?>
<!-- Generated by org.testng.reporters.JUnitReportReporter -->
<testsuite skipped="0" hostname="DESKTOP-JORP530" name="org.testng.Suite2" tests="3" failures="0" timestamp="04 Apr 2021 05:24:03 GMT" time="0.075" errors="0">
  <testcase name="tc11" time="0.021" classname="org.testng.Suite2"/>
  <testcase name="tc11" time="0.044" classname="org.testng.Suite2"/>
  <testcase name="tc11" time="0.010" classname="org.testng.Suite2"/>
</testsuite> <!-- org.testng.Suite2 -->
