<?xml version="1.0" encoding="UTF-8"?>
<!-- Generated by org.testng.reporters.JUnitReportReporter -->
<testsuite skipped="0" hostname="DESKTOP-JORP530" name="org.testng.Asrt" tests="2" failures="0" timestamp="05 Apr 2021 03:28:09 GMT" time="0.083" errors="0">
  <testcase name="tc2" time="0.081" classname="org.testng.Asrt"/>
  <testcase name="tc1" time="0.002" classname="org.testng.Asrt"/>
</testsuite> <!-- org.testng.Asrt -->
