<?xml version="1.0" encoding="UTF-8"?>
<!-- Generated by org.testng.reporters.JUnitReportReporter -->
<testsuite skipped="0" hostname="DESKTOP-JORP530" name="org.testng.Demo" tests="1" failures="0" timestamp="02 Apr 2021 11:23:08 GMT" time="5.054" errors="0">
  <testcase name="tc0" time="5.054" classname="org.testng.Demo"/>
</testsuite> <!-- org.testng.Demo -->
